Obtaining 3D dataset 55k ...
Reference:https://www.nature.com/articles/s41524-020-00440-1
Loading the zipfile...
Loading completed.
STARTING
jid JVASP-95268
S32
1.0
7.960378647750597 -0.011715781739198 -2.026001926704882
-2.23567614928336 7.639994559956298 -2.0260019306464283
0.0196279221331468 0.0261545486443678 13.327397543174044
S
32
Cartesian
1.015953100942692 0.3884895936072173 11.60430150665854
-0.4570462629037733 5.665780348130889 6.207825360576633
5.6650198821173205 6.583460367694202 4.334798493330688
0.1863434759037345 6.523107038857711 9.731274639434146
4.728376899057305 7.2659304063927825 -2.3289015066585335
6.201376262903773 1.9886396518691094 3.06757463942337
0.07931011788267782 1.0709596323057995 4.940601506669313
5.55798652409626 1.1313129611422894 -0.45587463943414286
1.8609356179429468 2.15396652807847 -1.1298405074087479
0.40700632872947784 6.177642675638198 4.390997288911092
4.186367396092794 5.252644351621378 3.741540507405754
-0.08330934276529084 5.5242914446620075 -1.7792972889080998
3.8833943820570527 5.500453471921526 10.405240507408754
5.337323671270521 1.4767773243618036 4.884402711088906
1.5579626039072085 2.4017756483786203 5.533859492594246
5.827639342765297 2.130128555337992 11.054697288908093
1.320199824500619 2.4978414345739357 0.8395608776784809
0.046518256897944546 4.632870084786205 3.059491181374764
3.7050881312647235 5.675748340899975 1.772139122305385
1.2991937873367143 6.302085139739881 -0.4477911813586276
4.424130175499378 5.156578565426069 8.435839122321518
5.6978117431020525 3.021549915213798 6.2159088186252305
2.0392418687352767 1.9786716591000246 7.503260877694618
4.445136212663289 1.3523348602601146 9.723191181358626
2.89606838034114 1.9532305079320795 2.0685321032839075
6.41898845865376 5.149726449235976 -0.18696073968190602
4.668359891312399 4.314842298754717 0.5431678967196071
2.583633073632722 0.039043395787210076 2.798660739678396
2.8482616196588646 5.701189492067921 7.206867896716095
-0.6746584586537623 2.5046935507640264 9.462360739681907
1.0759701086875995 3.339577701245283 8.7322321032804
3.1606969263672773 7.615376604212788 6.476739260321612

Exp list index out of range
STARTING
jid JVASP-14603
As2
1.0
3.431985285734881 0.022935239758815 2.5237375926194594
1.2893898726013744 3.180648323618033 2.5237375967076376
0.033801082784627 0.0229352335250209 4.259885771966468
As
2
Cartesian
1.074996630303239 0.7294169469011131 2.1041036063901117
3.6801833696967607 2.4971130530988868 7.20326639360989

Exp list index out of range
STARTING
jid JVASP-837
Bi2
1.0
4.0439293735693695 0.0139121208942662 2.626676490631172
1.4331037965172184 3.7815042413690607 2.6266764924910877
0.020076576036366 0.013912121574279 4.822073289621068
Bi
2
Cartesian
1.2894223941945138 0.8935281474543979 2.3633300176163896
4.207687605805486 2.9157918525456017 7.712099982383609

Exp list index out of range
STARTING
jid JVASP-25144
P4
1.0
3.1820847972484647 0.0 -1.0189432701466579
-0.0 4.468642492490764 -0.0
0.0424494945061809 -1e-16 5.610743789743526
P
4
Cartesian
1.3043313984192075 4.101522396958355 4.0733371989716
1.9201986015807928 0.36711760304164387 0.5184628010283995
0.32915860158079285 1.867202396958356 1.0279328010283995
2.8953713984192073 2.601437603041645 3.5638671989715998

Exp list index out of range
STARTING
jid JVASP-828
B2
1.0
4.286670923130162 -0.0044470290580551 2.6645944967633963
1.4789092622548052 4.023479869323856 2.6645944981323315
-0.0063801160240755 -0.0044470291639977 5.047332862340134
B
12
Cartesian
1.009867070084 2.6331625588312377 1.819503465099906
0.05234999222258833 0.03649001445921873 3.35557671820435
2.8199365854891782 0.036490014459218734 1.819503465099906
2.939263414510821 3.978089985540781 8.557006534900093
4.749332929916 1.3814174411687619 8.557006534900093
5.706850007777412 3.978089985540781 7.020933281795649
1.8784536106638778 2.5392130243979407 3.384460586820106
1.2680751818345521 0.8839392496909769 4.363645188822939
3.0322997533900984 0.883939249690977 3.3844605868201056
2.7269002466099015 3.130640750309023 6.9920494131798945
3.880746389336122 1.4753669756020598 6.9920494131798945
4.4911248181654475 3.130640750309023 6.012864811177062

Exp list index out of range
STARTING
jid JVASP-910
La4
1.0
1.8690157300963424 -3.2372291584027333 -0.0
1.8690157300963433 3.2372291584027275 0.0
0.0 -0.0 11.990051165846447
La
4
Cartesian
0.0 0.0 0.0
0.0 0.0 5.995025
1.86902 -1.079078824819979 8.992537500000001
1.86902 1.079078824819979 2.9975125

Exp list index out of range
STARTING
jid JVASP-25117
Li3
1.0
-1.516891401522534 -2.627332783960761 -1.34258e-10
-3.033781822600899 5.640392e-09 -2.685159e-10
-1.5168914054424554 -0.8757775927734558 -7.437086762341357
Li
3
Cartesian
-4.550670000000241 -2.6273322221844753 -4.95797578151253
-1.5168899999997598 -0.8757777778155248 -2.479114218487472
0.0 0.0 0.0

Exp list index out of range
mem 0
